{"C:\\Users\\Shinobi house\\Documents\\Codes\\portfolio\\src\\App.jsx": {"path":"C:\\Users\\Shinobi house\\Documents\\Codes\\portfolio\\src\\App.jsx","statementMap":{"0":{"start":{"line":9,"column":2},"end":{"line":21,"column":4}}},"fnMap":{"0":{"name":"App","decl":{"start":{"line":7,"column":9},"end":{"line":7,"column":12}},"loc":{"start":{"line":7,"column":15},"end":{"line":22,"column":1}},"line":7}},"branchMap":{},"s":{"0":1},"f":{"0":1},"b":{},"_coverageSchema":"1a1c01bbd47fc00a2c39e90264f33305004495a9","hash":"4971c5cccd7de4db190c06862f6128639de3aaac"}
,"C:\\Users\\Shinobi house\\Documents\\Codes\\portfolio\\src\\components\\About.jsx": {"path":"C:\\Users\\Shinobi house\\Documents\\Codes\\portfolio\\src\\components\\About.jsx","statementMap":{"0":{"start":{"line":5,"column":14},"end":{"line":16,"column":1}},"1":{"start":{"line":6,"column":1},"end":{"line":15,"column":4}},"2":{"start":{"line":18,"column":25},"end":{"line":18,"column":49}}},"fnMap":{"0":{"name":"(anonymous_0)","decl":{"start":{"line":5,"column":14},"end":{"line":5,"column":15}},"loc":{"start":{"line":5,"column":20},"end":{"line":16,"column":1}},"line":5}},"branchMap":{},"s":{"0":2,"1":2,"2":2},"f":{"0":2},"b":{},"_coverageSchema":"1a1c01bbd47fc00a2c39e90264f33305004495a9","hash":"3c0ca2a5cb442125f69e280743f90c9216e4b939"}
,"C:\\Users\\Shinobi house\\Documents\\Codes\\portfolio\\src\\components\\Contact.jsx": {"path":"C:\\Users\\Shinobi house\\Documents\\Codes\\portfolio\\src\\components\\Contact.jsx","statementMap":{"0":{"start":{"line":7,"column":16},"end":{"line":51,"column":1}},"1":{"start":{"line":8,"column":15},"end":{"line":27,"column":3}},"2":{"start":{"line":29,"column":21},"end":{"line":41,"column":7}},"3":{"start":{"line":30,"column":21},"end":{"line":39,"column":10}},"4":{"start":{"line":40,"column":6},"end":{"line":40,"column":22}},"5":{"start":{"line":43,"column":1},"end":{"line":50,"column":4}},"6":{"start":{"line":53,"column":25},"end":{"line":53,"column":51}}},"fnMap":{"0":{"name":"(anonymous_0)","decl":{"start":{"line":7,"column":16},"end":{"line":7,"column":17}},"loc":{"start":{"line":7,"column":22},"end":{"line":51,"column":1}},"line":7},"1":{"name":"(anonymous_1)","decl":{"start":{"line":29,"column":31},"end":{"line":29,"column":32}},"loc":{"start":{"line":29,"column":64},"end":{"line":41,"column":6}},"line":29}},"branchMap":{},"s":{"0":2,"1":2,"2":2,"3":6,"4":6,"5":2,"6":2},"f":{"0":2,"1":6},"b":{},"_coverageSchema":"1a1c01bbd47fc00a2c39e90264f33305004495a9","hash":"7032325e83d2eeb5afc59e4747d3a467eef6a191"}
,"C:\\Users\\Shinobi house\\Documents\\Codes\\portfolio\\src\\components\\Projects.jsx": {"path":"C:\\Users\\Shinobi house\\Documents\\Codes\\portfolio\\src\\components\\Projects.jsx","statementMap":{"0":{"start":{"line":7,"column":14},"end":{"line":7,"column":15}},"1":{"start":{"line":9,"column":14},"end":{"line":11,"column":1}},"2":{"start":{"line":10,"column":1},"end":{"line":10,"column":34}},"3":{"start":{"line":13,"column":24},"end":{"line":17,"column":1}},"4":{"start":{"line":14,"column":13},"end":{"line":14,"column":24}},"5":{"start":{"line":15,"column":1},"end":{"line":15,"column":13}},"6":{"start":{"line":16,"column":1},"end":{"line":16,"column":17}},"7":{"start":{"line":19,"column":19},"end":{"line":22,"column":1}},"8":{"start":{"line":20,"column":1},"end":{"line":20,"column":10}},"9":{"start":{"line":21,"column":1},"end":{"line":21,"column":13}},"10":{"start":{"line":24,"column":17},"end":{"line":76,"column":1}},"11":{"start":{"line":25,"column":25},"end":{"line":25,"column":36}},"12":{"start":{"line":26,"column":13},"end":{"line":26,"column":48}},"13":{"start":{"line":28,"column":21},"end":{"line":28,"column":220}},"14":{"start":{"line":30,"column":14},"end":{"line":30,"column":45}},"15":{"start":{"line":32,"column":15},"end":{"line":41,"column":2}},"16":{"start":{"line":33,"column":2},"end":{"line":40,"column":4}},"17":{"start":{"line":43,"column":27},"end":{"line":50,"column":3}},"18":{"start":{"line":44,"column":2},"end":{"line":49,"column":10}},"19":{"start":{"line":52,"column":27},"end":{"line":54,"column":2}},"20":{"start":{"line":53,"column":2},"end":{"line":53,"column":20}},"21":{"start":{"line":56,"column":1},"end":{"line":62,"column":11}},"22":{"start":{"line":57,"column":26},"end":{"line":57,"column":101}},"23":{"start":{"line":57,"column":44},"end":{"line":57,"column":95}},"24":{"start":{"line":59,"column":2},"end":{"line":61,"column":3}},"25":{"start":{"line":60,"column":3},"end":{"line":60,"column":38}},"26":{"start":{"line":64,"column":1},"end":{"line":75,"column":4}},"27":{"start":{"line":78,"column":25},"end":{"line":78,"column":52}}},"fnMap":{"0":{"name":"(anonymous_0)","decl":{"start":{"line":9,"column":14},"end":{"line":9,"column":15}},"loc":{"start":{"line":9,"column":39},"end":{"line":11,"column":1}},"line":9},"1":{"name":"(anonymous_1)","decl":{"start":{"line":13,"column":24},"end":{"line":13,"column":25}},"loc":{"start":{"line":13,"column":38},"end":{"line":17,"column":1}},"line":13},"2":{"name":"(anonymous_2)","decl":{"start":{"line":19,"column":19},"end":{"line":19,"column":20}},"loc":{"start":{"line":19,"column":33},"end":{"line":22,"column":1}},"line":19},"3":{"name":"(anonymous_3)","decl":{"start":{"line":24,"column":17},"end":{"line":24,"column":18}},"loc":{"start":{"line":24,"column":23},"end":{"line":76,"column":1}},"line":24},"4":{"name":"(anonymous_4)","decl":{"start":{"line":32,"column":15},"end":{"line":32,"column":16}},"loc":{"start":{"line":32,"column":24},"end":{"line":41,"column":2}},"line":32},"5":{"name":"(anonymous_5)","decl":{"start":{"line":43,"column":43},"end":{"line":43,"column":44}},"loc":{"start":{"line":43,"column":73},"end":{"line":50,"column":2}},"line":43},"6":{"name":"(anonymous_6)","decl":{"start":{"line":52,"column":27},"end":{"line":52,"column":28}},"loc":{"start":{"line":52,"column":35},"end":{"line":54,"column":2}},"line":52},"7":{"name":"(anonymous_7)","decl":{"start":{"line":56,"column":11},"end":{"line":56,"column":12}},"loc":{"start":{"line":56,"column":17},"end":{"line":62,"column":2}},"line":56},"8":{"name":"(anonymous_8)","decl":{"start":{"line":57,"column":38},"end":{"line":57,"column":39}},"loc":{"start":{"line":57,"column":44},"end":{"line":57,"column":95}},"line":57},"9":{"name":"(anonymous_9)","decl":{"start":{"line":59,"column":9},"end":{"line":59,"column":10}},"loc":{"start":{"line":59,"column":15},"end":{"line":61,"column":3}},"line":59}},"branchMap":{"0":{"loc":{"start":{"line":10,"column":1},"end":{"line":10,"column":33}},"type":"cond-expr","locations":[{"start":{"line":10,"column":7},"end":{"line":10,"column":18}},{"start":{"line":10,"column":20},"end":{"line":10,"column":33}}],"line":10}},"s":{"0":2,"1":2,"2":1,"3":2,"4":1,"5":1,"6":1,"7":2,"8":1,"9":1,"10":2,"11":2,"12":2,"13":2,"14":2,"15":2,"16":4,"17":2,"18":4,"19":2,"20":2,"21":2,"22":2,"23":0,"24":2,"25":2,"26":2,"27":2},"f":{"0":1,"1":1,"2":1,"3":2,"4":4,"5":4,"6":2,"7":2,"8":0,"9":2},"b":{"0":[0,1]},"_coverageSchema":"1a1c01bbd47fc00a2c39e90264f33305004495a9","hash":"47b3c8911e693b0893df7b6ab1fd61cfbb9cbebe"}
,"C:\\Users\\Shinobi house\\Documents\\Codes\\portfolio\\src\\components\\Skills.jsx": {"path":"C:\\Users\\Shinobi house\\Documents\\Codes\\portfolio\\src\\components\\Skills.jsx","statementMap":{"0":{"start":{"line":8,"column":15},"end":{"line":28,"column":1}},"1":{"start":{"line":9,"column":15},"end":{"line":13,"column":3}},"2":{"start":{"line":15,"column":21},"end":{"line":18,"column":3}},"3":{"start":{"line":16,"column":13},"end":{"line":16,"column":62}},"4":{"start":{"line":17,"column":2},"end":{"line":17,"column":14}},"5":{"start":{"line":20,"column":1},"end":{"line":27,"column":4}},"6":{"start":{"line":30,"column":25},"end":{"line":30,"column":50}}},"fnMap":{"0":{"name":"(anonymous_0)","decl":{"start":{"line":8,"column":15},"end":{"line":8,"column":16}},"loc":{"start":{"line":8,"column":21},"end":{"line":28,"column":1}},"line":8},"1":{"name":"(anonymous_1)","decl":{"start":{"line":15,"column":31},"end":{"line":15,"column":32}},"loc":{"start":{"line":15,"column":50},"end":{"line":18,"column":2}},"line":15}},"branchMap":{},"s":{"0":2,"1":2,"2":2,"3":8,"4":8,"5":2,"6":2},"f":{"0":2,"1":8},"b":{},"_coverageSchema":"1a1c01bbd47fc00a2c39e90264f33305004495a9","hash":"91fe2d41e408a2722fa28488a65a6d7526725b34"}
,"C:\\Users\\Shinobi house\\Documents\\Codes\\portfolio\\src\\components\\withErrorBoundary.jsx": {"path":"C:\\Users\\Shinobi house\\Documents\\Codes\\portfolio\\src\\components\\withErrorBoundary.jsx","statementMap":{"0":{"start":{"line":7,"column":26},"end":{"line":32,"column":1}},"1":{"start":{"line":8,"column":1},"end":{"line":31,"column":2}},"2":{"start":{"line":9,"column":34},"end":{"line":9,"column":49}},"3":{"start":{"line":10,"column":36},"end":{"line":10,"column":50}},"4":{"start":{"line":12,"column":2},"end":{"line":24,"column":9}},"5":{"start":{"line":13,"column":32},"end":{"line":16,"column":4}},"6":{"start":{"line":14,"column":4},"end":{"line":14,"column":22}},"7":{"start":{"line":15,"column":4},"end":{"line":15,"column":28}},"8":{"start":{"line":18,"column":3},"end":{"line":18,"column":58}},"9":{"start":{"line":20,"column":3},"end":{"line":22,"column":4}},"10":{"start":{"line":21,"column":4},"end":{"line":21,"column":62}},"11":{"start":{"line":26,"column":2},"end":{"line":28,"column":3}},"12":{"start":{"line":27,"column":3},"end":{"line":27,"column":25}},"13":{"start":{"line":30,"column":2},"end":{"line":30,"column":41}}},"fnMap":{"0":{"name":"(anonymous_0)","decl":{"start":{"line":7,"column":26},"end":{"line":7,"column":27}},"loc":{"start":{"line":7,"column":48},"end":{"line":32,"column":1}},"line":7},"1":{"name":"(anonymous_1)","decl":{"start":{"line":8,"column":8},"end":{"line":8,"column":9}},"loc":{"start":{"line":8,"column":19},"end":{"line":31,"column":2}},"line":8},"2":{"name":"(anonymous_2)","decl":{"start":{"line":12,"column":12},"end":{"line":12,"column":13}},"loc":{"start":{"line":12,"column":18},"end":{"line":24,"column":3}},"line":12},"3":{"name":"(anonymous_3)","decl":{"start":{"line":13,"column":32},"end":{"line":13,"column":33}},"loc":{"start":{"line":13,"column":54},"end":{"line":16,"column":4}},"line":13},"4":{"name":"(anonymous_4)","decl":{"start":{"line":20,"column":10},"end":{"line":20,"column":11}},"loc":{"start":{"line":20,"column":16},"end":{"line":22,"column":4}},"line":20}},"branchMap":{"0":{"loc":{"start":{"line":26,"column":2},"end":{"line":28,"column":3}},"type":"if","locations":[{"start":{"line":26,"column":2},"end":{"line":28,"column":3}},{"start":{},"end":{}}],"line":26}},"s":{"0":5,"1":8,"2":0,"3":0,"4":0,"5":0,"6":0,"7":0,"8":0,"9":0,"10":0,"11":0,"12":0,"13":0},"f":{"0":8,"1":0,"2":0,"3":0,"4":0},"b":{"0":[0,0]},"_coverageSchema":"1a1c01bbd47fc00a2c39e90264f33305004495a9","hash":"c2cd75d4a2d403a8e794ad99823ef16e67e253f4"}
}
